04-22 14:47:37 save_restore_layout.action_save_restore_layout 160:Plugin executed on: 'linux'
04-22 14:47:37 save_restore_layout.action_save_restore_layout 161:Plugin executed with python version: '3.8.5 (default, Jan 27 2021, 15:41:15) \n[GCC 9.3.0]'
04-22 14:47:37 save_restore_layout.action_save_restore_layout 162:KiCad build version: Unknown
04-22 14:47:37 save_restore_layout.action_save_restore_layout 163:Save/Restore Layout plugin version: 51 started
04-22 14:47:39 save_restore_layout.action_save_restore_layout 274:Restore layout chosen
04-22 14:47:43 save_restore_layout.save_restore_layout 393:Getting board info
04-22 14:47:43 save_restore_layout.save_restore_layout 395:Getting schematics info
04-22 14:47:43 save_restore_layout.save_restore_layout 180:getting project hierarchy from schematics
04-22 14:47:43 save_restore_layout.save_restore_layout 182:Project hierarchy looks like:
{'60804333': ['Sheet60804332', '/home/john/code/zonneboot/foils/foil_controller/can_mcp2515.sch'], '6080570B': ['Sheet6080570A', '/home/john/code/zonneboot/foils/foil_controller/ftdi_ser_to_usb.sch'], '6082832D': ['sheet60828324', '/home/john/code/zonneboot/foils/foil_controller/can_mcp2515.sch']}
04-22 14:47:43 save_restore_layout.save_restore_layout 397:Getting layout info
04-22 14:47:43 save_restore_layout.save_restore_layout 256:getting a list of all footprints on board
04-22 14:47:43 save_restore_layout.save_restore_layout 399:Updating layout info with schematics info
04-22 14:47:43 save_restore_layout.save_restore_layout 739:Loading saved design
04-22 14:47:43 save_restore_layout.save_restore_layout 746:Source level is:['can_mcp2515.sch']
04-22 14:47:43 save_restore_layout.save_restore_layout 753:Destination footprint is:'Y401'
04-22 14:47:43 save_restore_layout.save_restore_layout 754:Destination levels available are:['can_mcp2515.sch']
04-22 14:47:43 save_restore_layout.save_restore_layout 765:Destination level is:['can_mcp2515.sch']
04-22 14:47:43 save_restore_layout.save_restore_layout 770:All sch files required are: ['can_mcp2515.sch']
04-22 14:47:43 save_restore_layout.save_restore_layout 772:Getting current schematics hash
04-22 14:47:43 save_restore_layout.save_restore_layout 782:Source hash is:'78dd8057a4dfc40bc12858259622dc16'
04-22 14:47:43 save_restore_layout.save_restore_layout 783:Destination hash is: '78dd8057a4dfc40bc12858259622dc16'
04-22 14:47:43 save_restore_layout.save_restore_layout 800:Get layout data from saved board
04-22 14:47:43 save_restore_layout.save_restore_layout 256:getting a list of all footprints on board
04-22 14:47:43 save_restore_layout.save_restore_layout 504:Replicating footprints
04-22 14:47:43 save_restore_layout.save_restore_layout 607:Replicating tracks
04-22 14:47:43 save_restore_layout.save_restore_layout 643:Setting track net to: 1, 'GND'
04-22 14:47:43 save_restore_layout.save_restore_layout 643:Setting track net to: 1, 'GND'
04-22 14:47:43 save_restore_layout.save_restore_layout 643:Setting track net to: 1, 'GND'
04-22 14:47:43 save_restore_layout.save_restore_layout 643:Setting track net to: 1, 'GND'
04-22 14:47:43 save_restore_layout.save_restore_layout 643:Setting track net to: 1, 'GND'
04-22 14:47:43 save_restore_layout.save_restore_layout 643:Setting track net to: 1, 'GND'
04-22 14:47:43 save_restore_layout.save_restore_layout 643:Setting track net to: 1, 'GND'
04-22 14:47:43 save_restore_layout.save_restore_layout 643:Setting track net to: 1, 'GND'
04-22 14:47:43 save_restore_layout.save_restore_layout 643:Setting track net to: 1, 'GND'
04-22 14:47:43 save_restore_layout.save_restore_layout 643:Setting track net to: 1, 'GND'
04-22 14:47:43 save_restore_layout.save_restore_layout 643:Setting track net to: 1, 'GND'
04-22 14:47:43 save_restore_layout.save_restore_layout 643:Setting track net to: 1, 'GND'
04-22 14:47:43 save_restore_layout.save_restore_layout 643:Setting track net to: 1, 'GND'
04-22 14:47:43 save_restore_layout.save_restore_layout 643:Setting track net to: 1, 'GND'
04-22 14:47:43 save_restore_layout.save_restore_layout 643:Setting track net to: 1, 'GND'
04-22 14:47:43 save_restore_layout.save_restore_layout 643:Setting track net to: 1, 'GND'
04-22 14:47:43 save_restore_layout.save_restore_layout 643:Setting track net to: 1, 'GND'
04-22 14:47:43 save_restore_layout.save_restore_layout 643:Setting track net to: 1, 'GND'
04-22 14:47:43 save_restore_layout.save_restore_layout 643:Setting track net to: 1, 'GND'
04-22 14:47:43 save_restore_layout.save_restore_layout 643:Setting track net to: 1, 'GND'
04-22 14:47:43 save_restore_layout.save_restore_layout 643:Setting track net to: 1, 'GND'
04-22 14:47:43 save_restore_layout.save_restore_layout 643:Setting track net to: 1, 'GND'
04-22 14:47:43 save_restore_layout.save_restore_layout 643:Setting track net to: 1, 'GND'
04-22 14:47:43 save_restore_layout.save_restore_layout 643:Setting track net to: 1, 'GND'
04-22 14:47:43 save_restore_layout.save_restore_layout 643:Setting track net to: 1, 'GND'
04-22 14:47:43 save_restore_layout.save_restore_layout 643:Setting track net to: 22, '+5V'
04-22 14:47:43 save_restore_layout.save_restore_layout 643:Setting track net to: 22, '+5V'
04-22 14:47:43 save_restore_layout.save_restore_layout 643:Setting track net to: 22, '+5V'
04-22 14:47:43 save_restore_layout.save_restore_layout 643:Setting track net to: 22, '+5V'
04-22 14:47:43 save_restore_layout.save_restore_layout 643:Setting track net to: 22, '+5V'
04-22 14:47:43 save_restore_layout.save_restore_layout 643:Setting track net to: 22, '+5V'
04-22 14:47:44 save_restore_layout.save_restore_layout 643:Setting track net to: 22, '+5V'
04-22 14:47:44 save_restore_layout.save_restore_layout 643:Setting track net to: 22, '+5V'
04-22 14:47:44 save_restore_layout.save_restore_layout 643:Setting track net to: 85, 'Net-(C403-Pad2)'
04-22 14:47:44 save_restore_layout.save_restore_layout 643:Setting track net to: 85, 'Net-(C403-Pad2)'
04-22 14:47:44 save_restore_layout.save_restore_layout 643:Setting track net to: 85, 'Net-(C403-Pad2)'
04-22 14:47:44 save_restore_layout.save_restore_layout 643:Setting track net to: 85, 'Net-(C403-Pad2)'
04-22 14:47:44 save_restore_layout.save_restore_layout 643:Setting track net to: 85, 'Net-(C403-Pad2)'
04-22 14:47:44 save_restore_layout.save_restore_layout 643:Setting track net to: 85, 'Net-(C403-Pad2)'
04-22 14:47:44 save_restore_layout.save_restore_layout 643:Setting track net to: 85, 'Net-(C403-Pad2)'
04-22 14:47:44 save_restore_layout.save_restore_layout 643:Setting track net to: 85, 'Net-(C403-Pad2)'
04-22 14:47:44 save_restore_layout.save_restore_layout 643:Setting track net to: 86, 'Net-(C404-Pad2)'
04-22 14:47:44 save_restore_layout.save_restore_layout 643:Setting track net to: 86, 'Net-(C404-Pad2)'
04-22 14:47:44 save_restore_layout.save_restore_layout 643:Setting track net to: 86, 'Net-(C404-Pad2)'
04-22 14:47:44 save_restore_layout.save_restore_layout 643:Setting track net to: 86, 'Net-(C404-Pad2)'
04-22 14:47:44 save_restore_layout.save_restore_layout 643:Setting track net to: 86, 'Net-(C404-Pad2)'
04-22 14:47:44 save_restore_layout.save_restore_layout 643:Setting track net to: 86, 'Net-(C404-Pad2)'
04-22 14:47:44 save_restore_layout.save_restore_layout 643:Setting track net to: 86, 'Net-(C404-Pad2)'
04-22 14:47:44 save_restore_layout.save_restore_layout 643:Setting track net to: 87, '/sheet60828324/can_l'
04-22 14:47:44 save_restore_layout.save_restore_layout 643:Setting track net to: 87, '/sheet60828324/can_l'
04-22 14:47:44 save_restore_layout.save_restore_layout 643:Setting track net to: 87, '/sheet60828324/can_l'
04-22 14:47:44 save_restore_layout.save_restore_layout 643:Setting track net to: 87, '/sheet60828324/can_l'
04-22 14:47:44 save_restore_layout.save_restore_layout 643:Setting track net to: 87, '/sheet60828324/can_l'
04-22 14:47:44 save_restore_layout.save_restore_layout 643:Setting track net to: 87, '/sheet60828324/can_l'
04-22 14:47:44 save_restore_layout.save_restore_layout 643:Setting track net to: 87, '/sheet60828324/can_l'
04-22 14:47:44 save_restore_layout.save_restore_layout 643:Setting track net to: 87, '/sheet60828324/can_l'
04-22 14:47:44 save_restore_layout.save_restore_layout 643:Setting track net to: 87, '/sheet60828324/can_l'
04-22 14:47:44 save_restore_layout.save_restore_layout 643:Setting track net to: 87, '/sheet60828324/can_l'
04-22 14:47:44 save_restore_layout.save_restore_layout 643:Setting track net to: 87, '/sheet60828324/can_l'
04-22 14:47:44 save_restore_layout.save_restore_layout 643:Setting track net to: 87, '/sheet60828324/can_l'
04-22 14:47:44 save_restore_layout.save_restore_layout 643:Setting track net to: 87, '/sheet60828324/can_l'
04-22 14:47:44 save_restore_layout.save_restore_layout 643:Setting track net to: 87, '/sheet60828324/can_l'
04-22 14:47:44 save_restore_layout.save_restore_layout 643:Setting track net to: 87, '/sheet60828324/can_l'
04-22 14:47:44 save_restore_layout.save_restore_layout 643:Setting track net to: 88, '/sheet60828324/can_h'
04-22 14:47:44 save_restore_layout.save_restore_layout 643:Setting track net to: 88, '/sheet60828324/can_h'
04-22 14:47:44 save_restore_layout.save_restore_layout 643:Setting track net to: 88, '/sheet60828324/can_h'
04-22 14:47:44 save_restore_layout.save_restore_layout 643:Setting track net to: 88, '/sheet60828324/can_h'
04-22 14:47:44 save_restore_layout.save_restore_layout 643:Setting track net to: 88, '/sheet60828324/can_h'
04-22 14:47:44 save_restore_layout.save_restore_layout 643:Setting track net to: 88, '/sheet60828324/can_h'
04-22 14:47:44 save_restore_layout.save_restore_layout 643:Setting track net to: 88, '/sheet60828324/can_h'
04-22 14:47:44 save_restore_layout.save_restore_layout 643:Setting track net to: 88, '/sheet60828324/can_h'
04-22 14:47:44 save_restore_layout.save_restore_layout 643:Setting track net to: 88, '/sheet60828324/can_h'
04-22 14:47:44 save_restore_layout.save_restore_layout 643:Setting track net to: 88, '/sheet60828324/can_h'
04-22 14:47:44 save_restore_layout.save_restore_layout 643:Setting track net to: 88, '/sheet60828324/can_h'
04-22 14:47:44 save_restore_layout.save_restore_layout 643:Setting track net to: 88, '/sheet60828324/can_h'
04-22 14:47:44 save_restore_layout.save_restore_layout 643:Setting track net to: 88, '/sheet60828324/can_h'
04-22 14:47:44 save_restore_layout.save_restore_layout 643:Setting track net to: 88, '/sheet60828324/can_h'
04-22 14:47:44 save_restore_layout.save_restore_layout 643:Setting track net to: 88, '/sheet60828324/can_h'
04-22 14:47:44 save_restore_layout.save_restore_layout 643:Setting track net to: 88, '/sheet60828324/can_h'
04-22 14:47:44 save_restore_layout.save_restore_layout 643:Setting track net to: 90, 'Net-(R402-Pad2)'
04-22 14:47:44 save_restore_layout.save_restore_layout 643:Setting track net to: 90, 'Net-(R402-Pad2)'
04-22 14:47:44 save_restore_layout.save_restore_layout 643:Setting track net to: 90, 'Net-(R402-Pad2)'
04-22 14:47:44 save_restore_layout.save_restore_layout 643:Setting track net to: 90, 'Net-(R402-Pad2)'
04-22 14:47:44 save_restore_layout.save_restore_layout 643:Setting track net to: 90, 'Net-(R402-Pad2)'
04-22 14:47:44 save_restore_layout.save_restore_layout 643:Setting track net to: 90, 'Net-(R402-Pad2)'
04-22 14:47:44 save_restore_layout.save_restore_layout 643:Setting track net to: 90, 'Net-(R402-Pad2)'
04-22 14:47:44 save_restore_layout.save_restore_layout 643:Setting track net to: 90, 'Net-(R402-Pad2)'
04-22 14:47:44 save_restore_layout.save_restore_layout 643:Setting track net to: 91, 'Net-(R403-Pad1)'
04-22 14:47:44 save_restore_layout.save_restore_layout 643:Setting track net to: 91, 'Net-(R403-Pad1)'
04-22 14:47:44 save_restore_layout.save_restore_layout 643:Setting track net to: 91, 'Net-(R403-Pad1)'
04-22 14:47:44 save_restore_layout.save_restore_layout 643:Setting track net to: 93, '/sheet60828324/can_rx'
04-22 14:47:44 save_restore_layout.save_restore_layout 643:Setting track net to: 93, '/sheet60828324/can_rx'
04-22 14:47:44 save_restore_layout.save_restore_layout 643:Setting track net to: 93, '/sheet60828324/can_rx'
04-22 14:47:44 save_restore_layout.save_restore_layout 643:Setting track net to: 93, '/sheet60828324/can_rx'
04-22 14:47:44 save_restore_layout.save_restore_layout 643:Setting track net to: 93, '/sheet60828324/can_rx'
04-22 14:47:44 save_restore_layout.save_restore_layout 643:Setting track net to: 93, '/sheet60828324/can_rx'
04-22 14:47:44 save_restore_layout.save_restore_layout 643:Setting track net to: 93, '/sheet60828324/can_rx'
04-22 14:47:44 save_restore_layout.save_restore_layout 643:Setting track net to: 93, '/sheet60828324/can_rx'
04-22 14:47:44 save_restore_layout.save_restore_layout 643:Setting track net to: 93, '/sheet60828324/can_rx'
04-22 14:47:44 save_restore_layout.save_restore_layout 643:Setting track net to: 93, '/sheet60828324/can_rx'
04-22 14:47:44 save_restore_layout.save_restore_layout 643:Setting track net to: 94, '/sheet60828324/can_tx'
04-22 14:47:44 save_restore_layout.save_restore_layout 643:Setting track net to: 94, '/sheet60828324/can_tx'
04-22 14:47:44 save_restore_layout.save_restore_layout 643:Setting track net to: 94, '/sheet60828324/can_tx'
04-22 14:47:44 save_restore_layout.save_restore_layout 643:Setting track net to: 94, '/sheet60828324/can_tx'
04-22 14:47:44 save_restore_layout.save_restore_layout 643:Setting track net to: 94, '/sheet60828324/can_tx'
04-22 14:47:44 save_restore_layout.save_restore_layout 643:Setting track net to: 94, '/sheet60828324/can_tx'
04-22 14:47:44 save_restore_layout.save_restore_layout 643:Setting track net to: 94, '/sheet60828324/can_tx'
04-22 14:47:44 save_restore_layout.save_restore_layout 643:Setting track net to: 94, '/sheet60828324/can_tx'
04-22 14:47:44 save_restore_layout.save_restore_layout 643:Setting track net to: 94, '/sheet60828324/can_tx'
04-22 14:47:44 save_restore_layout.save_restore_layout 643:Setting track net to: 89, 'Net-(JP401-Pad1)'
04-22 14:47:44 save_restore_layout.save_restore_layout 643:Setting track net to: 89, 'Net-(JP401-Pad1)'
04-22 14:47:44 save_restore_layout.save_restore_layout 649:Replicating zones
04-22 14:47:44 save_restore_layout.save_restore_layout 703:Replicating text
04-22 14:47:44 save_restore_layout.save_restore_layout 720:Replicating drawings
