04-13 16:00:39 save_restore_layout.action_save_restore_layout 160:Plugin executed on: 'linux'
04-13 16:00:39 save_restore_layout.action_save_restore_layout 161:Plugin executed with python version: '3.8.5 (default, Jan 27 2021, 15:41:15) \n[GCC 9.3.0]'
04-13 16:00:39 save_restore_layout.action_save_restore_layout 162:KiCad build version: Unknown
04-13 16:00:39 save_restore_layout.action_save_restore_layout 163:Save/Restore Layout plugin version: 51 started
04-13 16:00:41 save_restore_layout.action_save_restore_layout 274:Restore layout chosen
04-13 16:00:45 save_restore_layout.save_restore_layout 393:Getting board info
04-13 16:00:45 save_restore_layout.save_restore_layout 395:Getting schematics info
04-13 16:00:45 save_restore_layout.save_restore_layout 180:getting project hierarchy from schematics
04-13 16:00:45 save_restore_layout.save_restore_layout 182:Project hierarchy looks like:
{'60784F28': ['Sheet60784F27', '/home/john/code/zonneboot/foils/gyro_to_can/can_mcp2515.sch']}
04-13 16:00:45 save_restore_layout.save_restore_layout 397:Getting layout info
04-13 16:00:45 save_restore_layout.save_restore_layout 256:getting a list of all footprints on board
04-13 16:00:45 save_restore_layout.save_restore_layout 399:Updating layout info with schematics info
04-13 16:00:45 save_restore_layout.save_restore_layout 739:Loading saved design
04-13 16:00:45 save_restore_layout.save_restore_layout 746:Source level is:['can_mcp2515.sch']
04-13 16:00:45 save_restore_layout.save_restore_layout 753:Destination footprint is:'J201'
04-13 16:00:45 save_restore_layout.save_restore_layout 754:Destination levels available are:['can_mcp2515.sch']
04-13 16:00:45 save_restore_layout.save_restore_layout 765:Destination level is:['can_mcp2515.sch']
04-13 16:00:45 save_restore_layout.save_restore_layout 770:All sch files required are: ['can_mcp2515.sch']
04-13 16:00:45 save_restore_layout.save_restore_layout 772:Getting current schematics hash
04-13 16:00:45 save_restore_layout.save_restore_layout 782:Source hash is:'78dd8057a4dfc40bc12858259622dc16'
04-13 16:00:45 save_restore_layout.save_restore_layout 783:Destination hash is: '78dd8057a4dfc40bc12858259622dc16'
04-13 16:00:45 save_restore_layout.save_restore_layout 800:Get layout data from saved board
04-13 16:00:45 save_restore_layout.save_restore_layout 256:getting a list of all footprints on board
04-13 16:00:45 save_restore_layout.save_restore_layout 504:Replicating footprints
04-13 16:00:45 save_restore_layout.save_restore_layout 607:Replicating tracks
04-13 16:00:45 save_restore_layout.save_restore_layout 643:Setting track net to: 4, 'GND'
04-13 16:00:45 save_restore_layout.save_restore_layout 643:Setting track net to: 4, 'GND'
04-13 16:00:45 save_restore_layout.save_restore_layout 643:Setting track net to: 4, 'GND'
04-13 16:00:45 save_restore_layout.save_restore_layout 643:Setting track net to: 4, 'GND'
04-13 16:00:45 save_restore_layout.save_restore_layout 643:Setting track net to: 4, 'GND'
04-13 16:00:45 save_restore_layout.save_restore_layout 643:Setting track net to: 4, 'GND'
04-13 16:00:45 save_restore_layout.save_restore_layout 643:Setting track net to: 4, 'GND'
04-13 16:00:45 save_restore_layout.save_restore_layout 643:Setting track net to: 4, 'GND'
04-13 16:00:45 save_restore_layout.save_restore_layout 643:Setting track net to: 4, 'GND'
04-13 16:00:45 save_restore_layout.save_restore_layout 643:Setting track net to: 4, 'GND'
04-13 16:00:45 save_restore_layout.save_restore_layout 643:Setting track net to: 4, 'GND'
04-13 16:00:45 save_restore_layout.save_restore_layout 643:Setting track net to: 4, 'GND'
04-13 16:00:45 save_restore_layout.save_restore_layout 643:Setting track net to: 4, 'GND'
04-13 16:00:45 save_restore_layout.save_restore_layout 643:Setting track net to: 4, 'GND'
04-13 16:00:45 save_restore_layout.save_restore_layout 643:Setting track net to: 4, 'GND'
04-13 16:00:45 save_restore_layout.save_restore_layout 643:Setting track net to: 4, 'GND'
04-13 16:00:45 save_restore_layout.save_restore_layout 643:Setting track net to: 4, 'GND'
04-13 16:00:45 save_restore_layout.save_restore_layout 643:Setting track net to: 4, 'GND'
04-13 16:00:45 save_restore_layout.save_restore_layout 643:Setting track net to: 4, 'GND'
04-13 16:00:45 save_restore_layout.save_restore_layout 643:Setting track net to: 4, 'GND'
04-13 16:00:45 save_restore_layout.save_restore_layout 643:Setting track net to: 4, 'GND'
04-13 16:00:45 save_restore_layout.save_restore_layout 643:Setting track net to: 4, 'GND'
04-13 16:00:45 save_restore_layout.save_restore_layout 643:Setting track net to: 4, 'GND'
04-13 16:00:45 save_restore_layout.save_restore_layout 643:Setting track net to: 4, 'GND'
04-13 16:00:45 save_restore_layout.save_restore_layout 643:Setting track net to: 4, 'GND'
04-13 16:00:45 save_restore_layout.save_restore_layout 643:Setting track net to: 15, '+5V'
04-13 16:00:45 save_restore_layout.save_restore_layout 643:Setting track net to: 15, '+5V'
04-13 16:00:45 save_restore_layout.save_restore_layout 643:Setting track net to: 15, '+5V'
04-13 16:00:45 save_restore_layout.save_restore_layout 643:Setting track net to: 15, '+5V'
04-13 16:00:45 save_restore_layout.save_restore_layout 643:Setting track net to: 15, '+5V'
04-13 16:00:45 save_restore_layout.save_restore_layout 643:Setting track net to: 15, '+5V'
04-13 16:00:45 save_restore_layout.save_restore_layout 643:Setting track net to: 15, '+5V'
04-13 16:00:45 save_restore_layout.save_restore_layout 643:Setting track net to: 15, '+5V'
04-13 16:00:45 save_restore_layout.save_restore_layout 643:Setting track net to: 33, 'Net-(C203-Pad2)'
04-13 16:00:45 save_restore_layout.save_restore_layout 643:Setting track net to: 33, 'Net-(C203-Pad2)'
04-13 16:00:45 save_restore_layout.save_restore_layout 643:Setting track net to: 33, 'Net-(C203-Pad2)'
04-13 16:00:45 save_restore_layout.save_restore_layout 643:Setting track net to: 33, 'Net-(C203-Pad2)'
04-13 16:00:45 save_restore_layout.save_restore_layout 643:Setting track net to: 33, 'Net-(C203-Pad2)'
04-13 16:00:45 save_restore_layout.save_restore_layout 643:Setting track net to: 33, 'Net-(C203-Pad2)'
04-13 16:00:45 save_restore_layout.save_restore_layout 643:Setting track net to: 33, 'Net-(C203-Pad2)'
04-13 16:00:45 save_restore_layout.save_restore_layout 643:Setting track net to: 33, 'Net-(C203-Pad2)'
04-13 16:00:45 save_restore_layout.save_restore_layout 643:Setting track net to: 34, 'Net-(C204-Pad2)'
04-13 16:00:45 save_restore_layout.save_restore_layout 643:Setting track net to: 34, 'Net-(C204-Pad2)'
04-13 16:00:45 save_restore_layout.save_restore_layout 643:Setting track net to: 34, 'Net-(C204-Pad2)'
04-13 16:00:45 save_restore_layout.save_restore_layout 643:Setting track net to: 34, 'Net-(C204-Pad2)'
04-13 16:00:45 save_restore_layout.save_restore_layout 643:Setting track net to: 34, 'Net-(C204-Pad2)'
04-13 16:00:45 save_restore_layout.save_restore_layout 643:Setting track net to: 34, 'Net-(C204-Pad2)'
04-13 16:00:45 save_restore_layout.save_restore_layout 643:Setting track net to: 34, 'Net-(C204-Pad2)'
04-13 16:00:45 save_restore_layout.save_restore_layout 643:Setting track net to: 35, '/Sheet60784F27/can_l'
04-13 16:00:45 save_restore_layout.save_restore_layout 643:Setting track net to: 35, '/Sheet60784F27/can_l'
04-13 16:00:45 save_restore_layout.save_restore_layout 643:Setting track net to: 35, '/Sheet60784F27/can_l'
04-13 16:00:45 save_restore_layout.save_restore_layout 643:Setting track net to: 35, '/Sheet60784F27/can_l'
04-13 16:00:45 save_restore_layout.save_restore_layout 643:Setting track net to: 35, '/Sheet60784F27/can_l'
04-13 16:00:45 save_restore_layout.save_restore_layout 643:Setting track net to: 35, '/Sheet60784F27/can_l'
04-13 16:00:45 save_restore_layout.save_restore_layout 643:Setting track net to: 35, '/Sheet60784F27/can_l'
04-13 16:00:45 save_restore_layout.save_restore_layout 643:Setting track net to: 35, '/Sheet60784F27/can_l'
04-13 16:00:45 save_restore_layout.save_restore_layout 643:Setting track net to: 35, '/Sheet60784F27/can_l'
04-13 16:00:45 save_restore_layout.save_restore_layout 643:Setting track net to: 35, '/Sheet60784F27/can_l'
04-13 16:00:45 save_restore_layout.save_restore_layout 643:Setting track net to: 35, '/Sheet60784F27/can_l'
04-13 16:00:45 save_restore_layout.save_restore_layout 643:Setting track net to: 35, '/Sheet60784F27/can_l'
04-13 16:00:45 save_restore_layout.save_restore_layout 643:Setting track net to: 35, '/Sheet60784F27/can_l'
04-13 16:00:45 save_restore_layout.save_restore_layout 643:Setting track net to: 35, '/Sheet60784F27/can_l'
04-13 16:00:45 save_restore_layout.save_restore_layout 643:Setting track net to: 35, '/Sheet60784F27/can_l'
04-13 16:00:45 save_restore_layout.save_restore_layout 643:Setting track net to: 36, '/Sheet60784F27/can_h'
04-13 16:00:45 save_restore_layout.save_restore_layout 643:Setting track net to: 36, '/Sheet60784F27/can_h'
04-13 16:00:45 save_restore_layout.save_restore_layout 643:Setting track net to: 36, '/Sheet60784F27/can_h'
04-13 16:00:45 save_restore_layout.save_restore_layout 643:Setting track net to: 36, '/Sheet60784F27/can_h'
04-13 16:00:45 save_restore_layout.save_restore_layout 643:Setting track net to: 36, '/Sheet60784F27/can_h'
04-13 16:00:45 save_restore_layout.save_restore_layout 643:Setting track net to: 36, '/Sheet60784F27/can_h'
04-13 16:00:45 save_restore_layout.save_restore_layout 643:Setting track net to: 36, '/Sheet60784F27/can_h'
04-13 16:00:45 save_restore_layout.save_restore_layout 643:Setting track net to: 36, '/Sheet60784F27/can_h'
04-13 16:00:45 save_restore_layout.save_restore_layout 643:Setting track net to: 36, '/Sheet60784F27/can_h'
04-13 16:00:45 save_restore_layout.save_restore_layout 643:Setting track net to: 36, '/Sheet60784F27/can_h'
04-13 16:00:45 save_restore_layout.save_restore_layout 643:Setting track net to: 36, '/Sheet60784F27/can_h'
04-13 16:00:45 save_restore_layout.save_restore_layout 643:Setting track net to: 36, '/Sheet60784F27/can_h'
04-13 16:00:45 save_restore_layout.save_restore_layout 643:Setting track net to: 36, '/Sheet60784F27/can_h'
04-13 16:00:45 save_restore_layout.save_restore_layout 643:Setting track net to: 36, '/Sheet60784F27/can_h'
04-13 16:00:45 save_restore_layout.save_restore_layout 643:Setting track net to: 36, '/Sheet60784F27/can_h'
04-13 16:00:45 save_restore_layout.save_restore_layout 643:Setting track net to: 36, '/Sheet60784F27/can_h'
04-13 16:00:45 save_restore_layout.save_restore_layout 643:Setting track net to: 38, 'Net-(R202-Pad2)'
04-13 16:00:45 save_restore_layout.save_restore_layout 643:Setting track net to: 38, 'Net-(R202-Pad2)'
04-13 16:00:45 save_restore_layout.save_restore_layout 643:Setting track net to: 38, 'Net-(R202-Pad2)'
04-13 16:00:45 save_restore_layout.save_restore_layout 643:Setting track net to: 38, 'Net-(R202-Pad2)'
04-13 16:00:45 save_restore_layout.save_restore_layout 643:Setting track net to: 38, 'Net-(R202-Pad2)'
04-13 16:00:45 save_restore_layout.save_restore_layout 643:Setting track net to: 38, 'Net-(R202-Pad2)'
04-13 16:00:45 save_restore_layout.save_restore_layout 643:Setting track net to: 38, 'Net-(R202-Pad2)'
04-13 16:00:45 save_restore_layout.save_restore_layout 643:Setting track net to: 38, 'Net-(R202-Pad2)'
04-13 16:00:45 save_restore_layout.save_restore_layout 643:Setting track net to: 39, 'Net-(R203-Pad1)'
04-13 16:00:45 save_restore_layout.save_restore_layout 643:Setting track net to: 39, 'Net-(R203-Pad1)'
04-13 16:00:45 save_restore_layout.save_restore_layout 643:Setting track net to: 39, 'Net-(R203-Pad1)'
04-13 16:00:45 save_restore_layout.save_restore_layout 643:Setting track net to: 41, '/Sheet60784F27/can_rx'
04-13 16:00:45 save_restore_layout.save_restore_layout 643:Setting track net to: 41, '/Sheet60784F27/can_rx'
04-13 16:00:45 save_restore_layout.save_restore_layout 643:Setting track net to: 41, '/Sheet60784F27/can_rx'
04-13 16:00:45 save_restore_layout.save_restore_layout 643:Setting track net to: 41, '/Sheet60784F27/can_rx'
04-13 16:00:45 save_restore_layout.save_restore_layout 643:Setting track net to: 41, '/Sheet60784F27/can_rx'
04-13 16:00:45 save_restore_layout.save_restore_layout 643:Setting track net to: 41, '/Sheet60784F27/can_rx'
04-13 16:00:45 save_restore_layout.save_restore_layout 643:Setting track net to: 41, '/Sheet60784F27/can_rx'
04-13 16:00:45 save_restore_layout.save_restore_layout 643:Setting track net to: 41, '/Sheet60784F27/can_rx'
04-13 16:00:45 save_restore_layout.save_restore_layout 643:Setting track net to: 41, '/Sheet60784F27/can_rx'
04-13 16:00:45 save_restore_layout.save_restore_layout 643:Setting track net to: 41, '/Sheet60784F27/can_rx'
04-13 16:00:45 save_restore_layout.save_restore_layout 643:Setting track net to: 42, '/Sheet60784F27/can_tx'
04-13 16:00:45 save_restore_layout.save_restore_layout 643:Setting track net to: 42, '/Sheet60784F27/can_tx'
04-13 16:00:45 save_restore_layout.save_restore_layout 643:Setting track net to: 42, '/Sheet60784F27/can_tx'
04-13 16:00:45 save_restore_layout.save_restore_layout 643:Setting track net to: 42, '/Sheet60784F27/can_tx'
04-13 16:00:45 save_restore_layout.save_restore_layout 643:Setting track net to: 42, '/Sheet60784F27/can_tx'
04-13 16:00:45 save_restore_layout.save_restore_layout 643:Setting track net to: 42, '/Sheet60784F27/can_tx'
04-13 16:00:45 save_restore_layout.save_restore_layout 643:Setting track net to: 42, '/Sheet60784F27/can_tx'
04-13 16:00:45 save_restore_layout.save_restore_layout 643:Setting track net to: 42, '/Sheet60784F27/can_tx'
04-13 16:00:45 save_restore_layout.save_restore_layout 643:Setting track net to: 42, '/Sheet60784F27/can_tx'
04-13 16:00:45 save_restore_layout.save_restore_layout 643:Setting track net to: 37, 'Net-(JP201-Pad1)'
04-13 16:00:45 save_restore_layout.save_restore_layout 643:Setting track net to: 37, 'Net-(JP201-Pad1)'
04-13 16:00:45 save_restore_layout.save_restore_layout 649:Replicating zones
04-13 16:00:45 save_restore_layout.save_restore_layout 703:Replicating text
04-13 16:00:45 save_restore_layout.save_restore_layout 720:Replicating drawings
