04-20 22:53:07 save_restore_layout.action_save_restore_layout 160:Plugin executed on: 'linux'
04-20 22:53:07 save_restore_layout.action_save_restore_layout 161:Plugin executed with python version: '3.8.5 (default, Jan 27 2021, 15:41:15) \n[GCC 9.3.0]'
04-20 22:53:07 save_restore_layout.action_save_restore_layout 162:KiCad build version: Unknown
04-20 22:53:07 save_restore_layout.action_save_restore_layout 163:Save/Restore Layout plugin version: 51 started
04-20 22:53:08 save_restore_layout.action_save_restore_layout 274:Restore layout chosen
04-20 22:53:14 save_restore_layout.save_restore_layout 393:Getting board info
04-20 22:53:14 save_restore_layout.save_restore_layout 395:Getting schematics info
04-20 22:53:14 save_restore_layout.save_restore_layout 180:getting project hierarchy from schematics
04-20 22:53:14 save_restore_layout.save_restore_layout 182:Project hierarchy looks like:
{'607FE929': ['Sheet607FE928', '/home/john/code/zonneboot/foils/foil_io_shield/can_mcp2515.sch']}
04-20 22:53:14 save_restore_layout.save_restore_layout 397:Getting layout info
04-20 22:53:14 save_restore_layout.save_restore_layout 256:getting a list of all footprints on board
04-20 22:53:14 save_restore_layout.save_restore_layout 399:Updating layout info with schematics info
04-20 22:53:14 save_restore_layout.save_restore_layout 739:Loading saved design
04-20 22:53:14 save_restore_layout.save_restore_layout 746:Source level is:['can_mcp2515.sch']
04-20 22:53:14 save_restore_layout.save_restore_layout 753:Destination footprint is:'J201'
04-20 22:53:14 save_restore_layout.save_restore_layout 754:Destination levels available are:['can_mcp2515.sch']
04-20 22:53:14 save_restore_layout.save_restore_layout 765:Destination level is:['can_mcp2515.sch']
04-20 22:53:14 save_restore_layout.save_restore_layout 770:All sch files required are: ['can_mcp2515.sch']
04-20 22:53:14 save_restore_layout.save_restore_layout 772:Getting current schematics hash
04-20 22:53:14 save_restore_layout.save_restore_layout 782:Source hash is:'78dd8057a4dfc40bc12858259622dc16'
04-20 22:53:14 save_restore_layout.save_restore_layout 783:Destination hash is: '78dd8057a4dfc40bc12858259622dc16'
04-20 22:53:14 save_restore_layout.save_restore_layout 800:Get layout data from saved board
04-20 22:53:14 save_restore_layout.save_restore_layout 256:getting a list of all footprints on board
04-20 22:53:14 save_restore_layout.save_restore_layout 504:Replicating footprints
04-20 22:53:14 save_restore_layout.save_restore_layout 607:Replicating tracks
04-20 22:53:14 save_restore_layout.save_restore_layout 643:Setting track net to: 1, 'GND'
04-20 22:53:14 save_restore_layout.save_restore_layout 643:Setting track net to: 1, 'GND'
04-20 22:53:14 save_restore_layout.save_restore_layout 643:Setting track net to: 1, 'GND'
04-20 22:53:14 save_restore_layout.save_restore_layout 643:Setting track net to: 1, 'GND'
04-20 22:53:14 save_restore_layout.save_restore_layout 643:Setting track net to: 1, 'GND'
04-20 22:53:14 save_restore_layout.save_restore_layout 643:Setting track net to: 1, 'GND'
04-20 22:53:14 save_restore_layout.save_restore_layout 643:Setting track net to: 1, 'GND'
04-20 22:53:14 save_restore_layout.save_restore_layout 643:Setting track net to: 1, 'GND'
04-20 22:53:14 save_restore_layout.save_restore_layout 643:Setting track net to: 1, 'GND'
04-20 22:53:14 save_restore_layout.save_restore_layout 643:Setting track net to: 1, 'GND'
04-20 22:53:14 save_restore_layout.save_restore_layout 643:Setting track net to: 1, 'GND'
04-20 22:53:14 save_restore_layout.save_restore_layout 643:Setting track net to: 1, 'GND'
04-20 22:53:14 save_restore_layout.save_restore_layout 643:Setting track net to: 1, 'GND'
04-20 22:53:14 save_restore_layout.save_restore_layout 643:Setting track net to: 1, 'GND'
04-20 22:53:14 save_restore_layout.save_restore_layout 643:Setting track net to: 1, 'GND'
04-20 22:53:14 save_restore_layout.save_restore_layout 643:Setting track net to: 1, 'GND'
04-20 22:53:14 save_restore_layout.save_restore_layout 643:Setting track net to: 1, 'GND'
04-20 22:53:14 save_restore_layout.save_restore_layout 643:Setting track net to: 1, 'GND'
04-20 22:53:14 save_restore_layout.save_restore_layout 643:Setting track net to: 1, 'GND'
04-20 22:53:14 save_restore_layout.save_restore_layout 643:Setting track net to: 1, 'GND'
04-20 22:53:14 save_restore_layout.save_restore_layout 643:Setting track net to: 1, 'GND'
04-20 22:53:14 save_restore_layout.save_restore_layout 643:Setting track net to: 1, 'GND'
04-20 22:53:14 save_restore_layout.save_restore_layout 643:Setting track net to: 1, 'GND'
04-20 22:53:14 save_restore_layout.save_restore_layout 643:Setting track net to: 1, 'GND'
04-20 22:53:14 save_restore_layout.save_restore_layout 643:Setting track net to: 1, 'GND'
04-20 22:53:14 save_restore_layout.save_restore_layout 643:Setting track net to: 43, '+5V'
04-20 22:53:14 save_restore_layout.save_restore_layout 643:Setting track net to: 43, '+5V'
04-20 22:53:14 save_restore_layout.save_restore_layout 643:Setting track net to: 43, '+5V'
04-20 22:53:14 save_restore_layout.save_restore_layout 643:Setting track net to: 43, '+5V'
04-20 22:53:14 save_restore_layout.save_restore_layout 643:Setting track net to: 43, '+5V'
04-20 22:53:14 save_restore_layout.save_restore_layout 643:Setting track net to: 43, '+5V'
04-20 22:53:14 save_restore_layout.save_restore_layout 643:Setting track net to: 43, '+5V'
04-20 22:53:14 save_restore_layout.save_restore_layout 643:Setting track net to: 43, '+5V'
04-20 22:53:14 save_restore_layout.save_restore_layout 643:Setting track net to: 47, 'Net-(C203-Pad2)'
04-20 22:53:14 save_restore_layout.save_restore_layout 643:Setting track net to: 47, 'Net-(C203-Pad2)'
04-20 22:53:14 save_restore_layout.save_restore_layout 643:Setting track net to: 47, 'Net-(C203-Pad2)'
04-20 22:53:14 save_restore_layout.save_restore_layout 643:Setting track net to: 47, 'Net-(C203-Pad2)'
04-20 22:53:14 save_restore_layout.save_restore_layout 643:Setting track net to: 47, 'Net-(C203-Pad2)'
04-20 22:53:14 save_restore_layout.save_restore_layout 643:Setting track net to: 47, 'Net-(C203-Pad2)'
04-20 22:53:14 save_restore_layout.save_restore_layout 643:Setting track net to: 47, 'Net-(C203-Pad2)'
04-20 22:53:14 save_restore_layout.save_restore_layout 643:Setting track net to: 47, 'Net-(C203-Pad2)'
04-20 22:53:14 save_restore_layout.save_restore_layout 643:Setting track net to: 48, 'Net-(C204-Pad2)'
04-20 22:53:14 save_restore_layout.save_restore_layout 643:Setting track net to: 48, 'Net-(C204-Pad2)'
04-20 22:53:14 save_restore_layout.save_restore_layout 643:Setting track net to: 48, 'Net-(C204-Pad2)'
04-20 22:53:14 save_restore_layout.save_restore_layout 643:Setting track net to: 48, 'Net-(C204-Pad2)'
04-20 22:53:14 save_restore_layout.save_restore_layout 643:Setting track net to: 48, 'Net-(C204-Pad2)'
04-20 22:53:14 save_restore_layout.save_restore_layout 643:Setting track net to: 48, 'Net-(C204-Pad2)'
04-20 22:53:14 save_restore_layout.save_restore_layout 643:Setting track net to: 48, 'Net-(C204-Pad2)'
04-20 22:53:14 save_restore_layout.save_restore_layout 643:Setting track net to: 49, '/Sheet607FE928/can_l'
04-20 22:53:14 save_restore_layout.save_restore_layout 643:Setting track net to: 49, '/Sheet607FE928/can_l'
04-20 22:53:14 save_restore_layout.save_restore_layout 643:Setting track net to: 49, '/Sheet607FE928/can_l'
04-20 22:53:14 save_restore_layout.save_restore_layout 643:Setting track net to: 49, '/Sheet607FE928/can_l'
04-20 22:53:14 save_restore_layout.save_restore_layout 643:Setting track net to: 49, '/Sheet607FE928/can_l'
04-20 22:53:14 save_restore_layout.save_restore_layout 643:Setting track net to: 49, '/Sheet607FE928/can_l'
04-20 22:53:14 save_restore_layout.save_restore_layout 643:Setting track net to: 49, '/Sheet607FE928/can_l'
04-20 22:53:14 save_restore_layout.save_restore_layout 643:Setting track net to: 49, '/Sheet607FE928/can_l'
04-20 22:53:14 save_restore_layout.save_restore_layout 643:Setting track net to: 49, '/Sheet607FE928/can_l'
04-20 22:53:14 save_restore_layout.save_restore_layout 643:Setting track net to: 49, '/Sheet607FE928/can_l'
04-20 22:53:14 save_restore_layout.save_restore_layout 643:Setting track net to: 49, '/Sheet607FE928/can_l'
04-20 22:53:14 save_restore_layout.save_restore_layout 643:Setting track net to: 49, '/Sheet607FE928/can_l'
04-20 22:53:14 save_restore_layout.save_restore_layout 643:Setting track net to: 49, '/Sheet607FE928/can_l'
04-20 22:53:14 save_restore_layout.save_restore_layout 643:Setting track net to: 49, '/Sheet607FE928/can_l'
04-20 22:53:14 save_restore_layout.save_restore_layout 643:Setting track net to: 49, '/Sheet607FE928/can_l'
04-20 22:53:14 save_restore_layout.save_restore_layout 643:Setting track net to: 50, '/Sheet607FE928/can_h'
04-20 22:53:14 save_restore_layout.save_restore_layout 643:Setting track net to: 50, '/Sheet607FE928/can_h'
04-20 22:53:14 save_restore_layout.save_restore_layout 643:Setting track net to: 50, '/Sheet607FE928/can_h'
04-20 22:53:14 save_restore_layout.save_restore_layout 643:Setting track net to: 50, '/Sheet607FE928/can_h'
04-20 22:53:14 save_restore_layout.save_restore_layout 643:Setting track net to: 50, '/Sheet607FE928/can_h'
04-20 22:53:14 save_restore_layout.save_restore_layout 643:Setting track net to: 50, '/Sheet607FE928/can_h'
04-20 22:53:14 save_restore_layout.save_restore_layout 643:Setting track net to: 50, '/Sheet607FE928/can_h'
04-20 22:53:14 save_restore_layout.save_restore_layout 643:Setting track net to: 50, '/Sheet607FE928/can_h'
04-20 22:53:14 save_restore_layout.save_restore_layout 643:Setting track net to: 50, '/Sheet607FE928/can_h'
04-20 22:53:14 save_restore_layout.save_restore_layout 643:Setting track net to: 50, '/Sheet607FE928/can_h'
04-20 22:53:14 save_restore_layout.save_restore_layout 643:Setting track net to: 50, '/Sheet607FE928/can_h'
04-20 22:53:14 save_restore_layout.save_restore_layout 643:Setting track net to: 50, '/Sheet607FE928/can_h'
04-20 22:53:14 save_restore_layout.save_restore_layout 643:Setting track net to: 50, '/Sheet607FE928/can_h'
04-20 22:53:14 save_restore_layout.save_restore_layout 643:Setting track net to: 50, '/Sheet607FE928/can_h'
04-20 22:53:14 save_restore_layout.save_restore_layout 643:Setting track net to: 50, '/Sheet607FE928/can_h'
04-20 22:53:14 save_restore_layout.save_restore_layout 643:Setting track net to: 50, '/Sheet607FE928/can_h'
04-20 22:53:14 save_restore_layout.save_restore_layout 643:Setting track net to: 52, 'Net-(R202-Pad2)'
04-20 22:53:14 save_restore_layout.save_restore_layout 643:Setting track net to: 52, 'Net-(R202-Pad2)'
04-20 22:53:14 save_restore_layout.save_restore_layout 643:Setting track net to: 52, 'Net-(R202-Pad2)'
04-20 22:53:14 save_restore_layout.save_restore_layout 643:Setting track net to: 52, 'Net-(R202-Pad2)'
04-20 22:53:14 save_restore_layout.save_restore_layout 643:Setting track net to: 52, 'Net-(R202-Pad2)'
04-20 22:53:14 save_restore_layout.save_restore_layout 643:Setting track net to: 52, 'Net-(R202-Pad2)'
04-20 22:53:14 save_restore_layout.save_restore_layout 643:Setting track net to: 52, 'Net-(R202-Pad2)'
04-20 22:53:14 save_restore_layout.save_restore_layout 643:Setting track net to: 52, 'Net-(R202-Pad2)'
04-20 22:53:14 save_restore_layout.save_restore_layout 643:Setting track net to: 53, 'Net-(R203-Pad1)'
04-20 22:53:14 save_restore_layout.save_restore_layout 643:Setting track net to: 53, 'Net-(R203-Pad1)'
04-20 22:53:14 save_restore_layout.save_restore_layout 643:Setting track net to: 53, 'Net-(R203-Pad1)'
04-20 22:53:14 save_restore_layout.save_restore_layout 643:Setting track net to: 55, '/Sheet607FE928/can_rx'
04-20 22:53:14 save_restore_layout.save_restore_layout 643:Setting track net to: 55, '/Sheet607FE928/can_rx'
04-20 22:53:14 save_restore_layout.save_restore_layout 643:Setting track net to: 55, '/Sheet607FE928/can_rx'
04-20 22:53:14 save_restore_layout.save_restore_layout 643:Setting track net to: 55, '/Sheet607FE928/can_rx'
04-20 22:53:14 save_restore_layout.save_restore_layout 643:Setting track net to: 55, '/Sheet607FE928/can_rx'
04-20 22:53:14 save_restore_layout.save_restore_layout 643:Setting track net to: 55, '/Sheet607FE928/can_rx'
04-20 22:53:14 save_restore_layout.save_restore_layout 643:Setting track net to: 55, '/Sheet607FE928/can_rx'
04-20 22:53:14 save_restore_layout.save_restore_layout 643:Setting track net to: 55, '/Sheet607FE928/can_rx'
04-20 22:53:14 save_restore_layout.save_restore_layout 643:Setting track net to: 55, '/Sheet607FE928/can_rx'
04-20 22:53:14 save_restore_layout.save_restore_layout 643:Setting track net to: 55, '/Sheet607FE928/can_rx'
04-20 22:53:14 save_restore_layout.save_restore_layout 643:Setting track net to: 56, '/Sheet607FE928/can_tx'
04-20 22:53:14 save_restore_layout.save_restore_layout 643:Setting track net to: 56, '/Sheet607FE928/can_tx'
04-20 22:53:14 save_restore_layout.save_restore_layout 643:Setting track net to: 56, '/Sheet607FE928/can_tx'
04-20 22:53:14 save_restore_layout.save_restore_layout 643:Setting track net to: 56, '/Sheet607FE928/can_tx'
04-20 22:53:14 save_restore_layout.save_restore_layout 643:Setting track net to: 56, '/Sheet607FE928/can_tx'
04-20 22:53:14 save_restore_layout.save_restore_layout 643:Setting track net to: 56, '/Sheet607FE928/can_tx'
04-20 22:53:14 save_restore_layout.save_restore_layout 643:Setting track net to: 56, '/Sheet607FE928/can_tx'
04-20 22:53:14 save_restore_layout.save_restore_layout 643:Setting track net to: 56, '/Sheet607FE928/can_tx'
04-20 22:53:14 save_restore_layout.save_restore_layout 643:Setting track net to: 56, '/Sheet607FE928/can_tx'
04-20 22:53:14 save_restore_layout.save_restore_layout 643:Setting track net to: 51, 'Net-(JP201-Pad1)'
04-20 22:53:14 save_restore_layout.save_restore_layout 643:Setting track net to: 51, 'Net-(JP201-Pad1)'
04-20 22:53:14 save_restore_layout.save_restore_layout 649:Replicating zones
04-20 22:53:14 save_restore_layout.save_restore_layout 703:Replicating text
04-20 22:53:14 save_restore_layout.save_restore_layout 720:Replicating drawings
